<?xml version="1.0" encoding="UTF-8"?>
<!-- Generated by org.testng.reporters.JUnitReportReporter -->
<testsuite skipped="0" hostname="LAPTOP-ETNEDSVH" name="week3.day1.DeleteLeadUsingSeMethods" tests="1" failures="0" timestamp="05 Apr 2018 03:46:31 GMT" time="68.865" errors="0">
  <testcase name="deleteLead" time="68.865" classname="week3.day1.DeleteLeadUsingSeMethods"/>
</testsuite> <!-- week3.day1.DeleteLeadUsingSeMethods -->
