<?xml version="1.0" encoding="UTF-8"?>
<!-- Generated by org.testng.reporters.JUnitReportReporter -->
<testsuite skipped="1" hostname="LAPTOP-ETNEDSVH" name="week3.day1.CreateLead" tests="1" failures="0" timestamp="13 Jul 2018 10:54:19 GMT" time="0.000" errors="0">
  <testcase name="createLead" time="0.000" classname="week3.day1.CreateLead">
    <skipped/>
  </testcase> <!-- createLead -->
</testsuite> <!-- week3.day1.CreateLead -->
