<?xml version="1.0" encoding="UTF-8"?>
<!-- Generated by org.testng.reporters.JUnitReportReporter -->
<testsuite skipped="0" hostname="LAPTOP-ETNEDSVH" name="week5.day1.LearningAnnotations" tests="2" failures="0" timestamp="06 Apr 2018 16:45:20 GMT" time="0.013" errors="0">
  <testcase name="test1" time="0.004" classname="week5.day1.LearningAnnotations"/>
  <testcase name="test" time="0.009" classname="week5.day1.LearningAnnotations"/>
</testsuite> <!-- week5.day1.LearningAnnotations -->
