<?xml version="1.0" encoding="UTF-8"?>
<!-- Generated by org.testng.reporters.JUnitReportReporter -->
<testsuite skipped="0" hostname="LAPTOP-ETNEDSVH" name="week3.day1.DuplicateLeadUsingSeMethods" tests="1" failures="0" timestamp="13 Jul 2018 10:23:34 GMT" time="22.694" errors="0">
  <testcase name="duplicateLead" time="22.694" classname="week3.day1.DuplicateLeadUsingSeMethods"/>
</testsuite> <!-- week3.day1.DuplicateLeadUsingSeMethods -->
