<?xml version="1.0" encoding="UTF-8"?>
<!-- Generated by org.testng.reporters.JUnitReportReporter -->
<testsuite skipped="0" hostname="LAPTOP-ETNEDSVH" name="week4.day1.BrokenLinks" tests="1" failures="0" timestamp="26 Mar 2018 18:29:46 GMT" time="35.664" errors="0">
  <testcase name="main" time="35.664" classname="week4.day1.BrokenLinks"/>
</testsuite> <!-- week4.day1.BrokenLinks -->
